mode: set
_/home/root1/divya/mesos-go-stateful/common/store/etcd/db.go:23.20,25.2 1 0
_/home/root1/divya/mesos-go-stateful/common/store/etcd/db.go:28.33,32.16 3 1
_/home/root1/divya/mesos-go-stateful/common/store/etcd/db.go:36.2,39.12 3 1
_/home/root1/divya/mesos-go-stateful/common/store/etcd/db.go:32.16,35.3 1 0
_/home/root1/divya/mesos-go-stateful/common/store/etcd/db.go:47.46,57.16 4 1
_/home/root1/divya/mesos-go-stateful/common/store/etcd/db.go:61.2,62.79 2 1
_/home/root1/divya/mesos-go-stateful/common/store/etcd/db.go:66.2,68.79 3 0
_/home/root1/divya/mesos-go-stateful/common/store/etcd/db.go:72.2,74.79 3 0
_/home/root1/divya/mesos-go-stateful/common/store/etcd/db.go:78.2,79.12 2 0
_/home/root1/divya/mesos-go-stateful/common/store/etcd/db.go:57.16,59.3 1 0
_/home/root1/divya/mesos-go-stateful/common/store/etcd/db.go:62.79,64.3 1 1
_/home/root1/divya/mesos-go-stateful/common/store/etcd/db.go:68.79,70.3 1 0
_/home/root1/divya/mesos-go-stateful/common/store/etcd/db.go:74.79,76.3 1 0
_/home/root1/divya/mesos-go-stateful/common/store/etcd/db.go:82.34,84.2 1 0
_/home/root1/divya/mesos-go-stateful/common/store/etcd/db.go:86.55,91.2 2 0
_/home/root1/divya/mesos-go-stateful/common/store/etcd/db.go:93.51,96.16 2 0
_/home/root1/divya/mesos-go-stateful/common/store/etcd/db.go:99.2,99.29 1 0
_/home/root1/divya/mesos-go-stateful/common/store/etcd/db.go:96.16,98.3 1 0
_/home/root1/divya/mesos-go-stateful/common/store/etcd/db.go:102.51,105.16 2 0
_/home/root1/divya/mesos-go-stateful/common/store/etcd/db.go:108.2,108.27 1 0
_/home/root1/divya/mesos-go-stateful/common/store/etcd/db.go:105.16,107.3 1 0
_/home/root1/divya/mesos-go-stateful/common/store/etcd/db.go:111.51,114.16 2 0
_/home/root1/divya/mesos-go-stateful/common/store/etcd/db.go:120.2,120.18 1 0
_/home/root1/divya/mesos-go-stateful/common/store/etcd/db.go:114.16,115.61 1 0
_/home/root1/divya/mesos-go-stateful/common/store/etcd/db.go:118.3,118.20 1 0
_/home/root1/divya/mesos-go-stateful/common/store/etcd/db.go:115.61,117.4 1 0
_/home/root1/divya/mesos-go-stateful/common/store/etcd/db.go:123.69,126.2 1 0
_/home/root1/divya/mesos-go-stateful/common/store/etcd/db.go:128.41,132.16 2 0
_/home/root1/divya/mesos-go-stateful/common/store/etcd/db.go:135.2,135.12 1 0
_/home/root1/divya/mesos-go-stateful/common/store/etcd/db.go:132.16,134.3 1 0
_/home/root1/divya/mesos-go-stateful/common/store/etcd/db.go:140.51,144.16 2 1
_/home/root1/divya/mesos-go-stateful/common/store/etcd/db.go:148.2,148.12 1 0
_/home/root1/divya/mesos-go-stateful/common/store/etcd/db.go:144.16,146.3 1 1
_/home/root1/divya/mesos-go-stateful/common/store/etcd/db.go:152.51,156.2 2 0
_/home/root1/divya/mesos-go-stateful/common/store/etcd/db.go:159.77,163.16 2 0
_/home/root1/divya/mesos-go-stateful/common/store/etcd/db.go:167.2,169.36 2 0
_/home/root1/divya/mesos-go-stateful/common/store/etcd/db.go:173.2,173.20 1 0
_/home/root1/divya/mesos-go-stateful/common/store/etcd/db.go:163.16,165.3 1 0
_/home/root1/divya/mesos-go-stateful/common/store/etcd/db.go:169.36,171.3 1 0
_/home/root1/divya/mesos-go-stateful/common/store/etcd/db.go:176.38,181.2 2 0
